This is pdfTeX, Version 3.1415926-2.3-1.40.12 (TeX Live 2011) (format=pdflatex 2011.7.3)  7 DEC 2011 16:52
entering extended mode
 restricted \write18 enabled.
 file:line:error style messages enabled.
 %&-line parsing enabled.
**/private/var/folders/f8/2dd5rdyx1bjbw4jttt0x1hm80000gn/T/RtmpCpkkaG/Rd2pdf15e
eac66770c/Rd2.tex

(/private/var/folders/f8/2dd5rdyx1bjbw4jttt0x1hm80000gn/T/RtmpCpkkaG/Rd2pdf15ee
ac66770c/Rd2.tex
LaTeX2e <2009/09/24>
Babel <v3.8l> and hyphenation patterns for english, dumylang, nohyphenation, ge
rman-x-2009-06-19, ngerman-x-2009-06-19, afrikaans, ancientgreek, ibycus, arabi
c, armenian, basque, bulgarian, catalan, pinyin, coptic, croatian, czech, danis
h, dutch, ukenglish, usenglishmax, esperanto, estonian, ethiopic, farsi, finnis
h, french, galician, german, ngerman, swissgerman, monogreek, greek, hungarian,
 icelandic, assamese, bengali, gujarati, hindi, kannada, malayalam, marathi, or
iya, panjabi, tamil, telugu, indonesian, interlingua, irish, italian, kurmanji,
 lao, latin, latvian, lithuanian, mongolian, mongolianlmc, bokmal, nynorsk, pol
ish, portuguese, romanian, russian, sanskrit, serbian, serbianc, slovak, sloven
ian, spanish, swedish, turkish, turkmen, ukrainian, uppersorbian, welsh, loaded
.

(/usr/local/texlive/2011/texmf-dist/tex/latex/base/book.cls
Document Class: book 2007/10/19 v1.4h Standard LaTeX document class
(/usr/local/texlive/2011/texmf-dist/tex/latex/base/bk10.clo
File: bk10.clo 2007/10/19 v1.4h Standard LaTeX file (size option)
)
\c@part=\count79
\c@chapter=\count80
\c@section=\count81
\c@subsection=\count82
\c@subsubsection=\count83
\c@paragraph=\count84
\c@subparagraph=\count85
\c@figure=\count86
\c@table=\count87
\abovecaptionskip=\skip41
\belowcaptionskip=\skip42
\bibindent=\dimen102
)
(/Users/duncan/Projects/R-new-devel/share/texmf/tex/latex/Rd.sty
Package: Rd 

(/usr/local/texlive/2011/texmf-dist/tex/latex/base/ifthen.sty
Package: ifthen 2001/05/26 v1.1c Standard LaTeX ifthen package (DPC)
)
(/usr/local/texlive/2011/texmf-dist/tex/latex/tools/longtable.sty
Package: longtable 2004/02/01 v4.11 Multi-page Table package (DPC)
\LTleft=\skip43
\LTright=\skip44
\LTpre=\skip45
\LTpost=\skip46
\LTchunksize=\count88
\LTcapwidth=\dimen103
\LT@head=\box26
\LT@firsthead=\box27
\LT@foot=\box28
\LT@lastfoot=\box29
\LT@cols=\count89
\LT@rows=\count90
\c@LT@tables=\count91
\c@LT@chunks=\count92
\LT@p@ftn=\toks14
)
(/usr/local/texlive/2011/texmf-dist/tex/latex/tools/bm.sty
Package: bm 2004/02/26 v1.1c Bold Symbol Support (DPC/FMi)
\symboldoperators=\mathgroup4
\symboldletters=\mathgroup5
\symboldsymbols=\mathgroup6
LaTeX Font Info:    Redeclaring math alphabet \mathbf on input line 138.
LaTeX Info: Redefining \bm on input line 204.
)
(/usr/local/texlive/2011/texmf-dist/tex/latex/base/alltt.sty
Package: alltt 1997/06/16 v2.0g defines alltt environment
)
(/usr/local/texlive/2011/texmf-dist/tex/latex/tools/verbatim.sty
Package: verbatim 2003/08/22 v1.5q LaTeX2e package for verbatim enhancements
\every@verbatim=\toks15
\verbatim@line=\toks16
\verbatim@in@stream=\read1
)
(/usr/local/texlive/2011/texmf-dist/tex/latex/url/url.sty
\Urlmuskip=\muskip10
Package: url 2006/04/12  ver 3.3  Verb mode for urls, etc.
)
\ldescriptionwidth=\skip47
 NOT loading ae
(/usr/local/texlive/2011/texmf-dist/tex/latex/base/fontenc.sty
Package: fontenc 2005/09/27 v1.99g Standard LaTeX package

(/usr/local/texlive/2011/texmf-dist/tex/latex/base/t1enc.def
File: t1enc.def 2005/09/27 v1.99g Standard LaTeX file
LaTeX Font Info:    Redeclaring font encoding T1 on input line 43.
))
(/usr/local/texlive/2011/texmf-dist/tex/latex/psnfss/times.sty
Package: times 2005/04/12 PSNFSS-v9.2a (SPQR) 
)
NOT loading lmodern
(/usr/local/texlive/2011/texmf-dist/tex/latex/inconsolata/inconsolata.sty
Package: inconsolata 2009/11/28 Inconsolata

(/usr/local/texlive/2011/texmf-dist/tex/latex/base/textcomp.sty
Package: textcomp 2005/09/27 v1.99g Standard LaTeX package
Package textcomp Info: Sub-encoding information:
(textcomp)               5 = only ISO-Adobe without \textcurrency
(textcomp)               4 = 5 + \texteuro
(textcomp)               3 = 4 + \textohm
(textcomp)               2 = 3 + \textestimated + \textcurrency
(textcomp)               1 = TS1 - \textcircled - \t
(textcomp)               0 = TS1 (full)
(textcomp)             Font families with sub-encoding setting implement
(textcomp)             only a restricted character set as indicated.
(textcomp)             Family '?' is the default used for unknown fonts.
(textcomp)             See the documentation for details.
Package textcomp Info: Setting ? sub-encoding to TS1/1 on input line 71.

(/usr/local/texlive/2011/texmf-dist/tex/latex/base/ts1enc.def
File: ts1enc.def 2001/06/05 v3.0e (jk/car/fm) Standard LaTeX file
)
LaTeX Info: Redefining \oldstylenums on input line 266.
Package textcomp Info: Setting cmr sub-encoding to TS1/0 on input line 281.
Package textcomp Info: Setting cmss sub-encoding to TS1/0 on input line 282.
Package textcomp Info: Setting cmtt sub-encoding to TS1/0 on input line 283.
Package textcomp Info: Setting cmvtt sub-encoding to TS1/0 on input line 284.
Package textcomp Info: Setting cmbr sub-encoding to TS1/0 on input line 285.
Package textcomp Info: Setting cmtl sub-encoding to TS1/0 on input line 286.
Package textcomp Info: Setting ccr sub-encoding to TS1/0 on input line 287.
Package textcomp Info: Setting ptm sub-encoding to TS1/4 on input line 288.
Package textcomp Info: Setting pcr sub-encoding to TS1/4 on input line 289.
Package textcomp Info: Setting phv sub-encoding to TS1/4 on input line 290.
Package textcomp Info: Setting ppl sub-encoding to TS1/3 on input line 291.
Package textcomp Info: Setting pag sub-encoding to TS1/4 on input line 292.
Package textcomp Info: Setting pbk sub-encoding to TS1/4 on input line 293.
Package textcomp Info: Setting pnc sub-encoding to TS1/4 on input line 294.
Package textcomp Info: Setting pzc sub-encoding to TS1/4 on input line 295.
Package textcomp Info: Setting bch sub-encoding to TS1/4 on input line 296.
Package textcomp Info: Setting put sub-encoding to TS1/5 on input line 297.
Package textcomp Info: Setting uag sub-encoding to TS1/5 on input line 298.
Package textcomp Info: Setting ugq sub-encoding to TS1/5 on input line 299.
Package textcomp Info: Setting ul8 sub-encoding to TS1/4 on input line 300.
Package textcomp Info: Setting ul9 sub-encoding to TS1/4 on input line 301.
Package textcomp Info: Setting augie sub-encoding to TS1/5 on input line 302.
Package textcomp Info: Setting dayrom sub-encoding to TS1/3 on input line 303.
Package textcomp Info: Setting dayroms sub-encoding to TS1/3 on input line 304.

Package textcomp Info: Setting pxr sub-encoding to TS1/0 on input line 305.
Package textcomp Info: Setting pxss sub-encoding to TS1/0 on input line 306.
Package textcomp Info: Setting pxtt sub-encoding to TS1/0 on input line 307.
Package textcomp Info: Setting txr sub-encoding to TS1/0 on input line 308.
Package textcomp Info: Setting txss sub-encoding to TS1/0 on input line 309.
Package textcomp Info: Setting txtt sub-encoding to TS1/0 on input line 310.
Package textcomp Info: Setting futs sub-encoding to TS1/4 on input line 311.
Package textcomp Info: Setting futx sub-encoding to TS1/4 on input line 312.
Package textcomp Info: Setting futj sub-encoding to TS1/4 on input line 313.
Package textcomp Info: Setting hlh sub-encoding to TS1/3 on input line 314.
Package textcomp Info: Setting hls sub-encoding to TS1/3 on input line 315.
Package textcomp Info: Setting hlst sub-encoding to TS1/3 on input line 316.
Package textcomp Info: Setting hlct sub-encoding to TS1/5 on input line 317.
Package textcomp Info: Setting hlx sub-encoding to TS1/5 on input line 318.
Package textcomp Info: Setting hlce sub-encoding to TS1/5 on input line 319.
Package textcomp Info: Setting hlcn sub-encoding to TS1/5 on input line 320.
Package textcomp Info: Setting hlcw sub-encoding to TS1/5 on input line 321.
Package textcomp Info: Setting hlcf sub-encoding to TS1/5 on input line 322.
Package textcomp Info: Setting pplx sub-encoding to TS1/3 on input line 323.
Package textcomp Info: Setting pplj sub-encoding to TS1/3 on input line 324.
Package textcomp Info: Setting ptmx sub-encoding to TS1/4 on input line 325.
Package textcomp Info: Setting ptmj sub-encoding to TS1/4 on input line 326.
)
(/usr/local/texlive/2011/texmf-dist/tex/latex/graphics/keyval.sty
Package: keyval 1999/03/16 v1.13 key=value parser (DPC)
\KV@toks@=\toks17
))
(/usr/local/texlive/2011/texmf-dist/tex/latex/graphics/color.sty
Package: color 2005/11/14 v1.0j Standard LaTeX Color (DPC)

(/usr/local/texlive/2011/texmf-dist/tex/latex/latexconfig/color.cfg
File: color.cfg 2007/01/18 v1.5 color configuration of teTeX/TeXLive
)
Package color Info: Driver file: pdftex.def on input line 130.

(/usr/local/texlive/2011/texmf-dist/tex/latex/pdftex-def/pdftex.def
File: pdftex.def 2011/05/27 v0.06d Graphics/color for pdfTeX

(/usr/local/texlive/2011/texmf-dist/tex/generic/oberdiek/infwarerr.sty
Package: infwarerr 2010/04/08 v1.3 Providing info/warning/message (HO)
)
(/usr/local/texlive/2011/texmf-dist/tex/generic/oberdiek/ltxcmds.sty
Package: ltxcmds 2011/04/18 v1.20 LaTeX kernel commands for general use (HO)
)
\Gread@gobject=\count93
))
(/usr/local/texlive/2011/texmf-dist/tex/latex/hyperref/hyperref.sty
Package: hyperref 2011/04/17 v6.82g Hypertext links for LaTeX

(/usr/local/texlive/2011/texmf-dist/tex/generic/oberdiek/hobsub-hyperref.sty
Package: hobsub-hyperref 2011/04/23 v1.4 Bundle oberdiek, subset hyperref (HO)

(/usr/local/texlive/2011/texmf-dist/tex/generic/oberdiek/hobsub-generic.sty
Package: hobsub-generic 2011/04/23 v1.4 Bundle oberdiek, subset generic (HO)
Package: hobsub 2011/04/23 v1.4 Subsetting bundle oberdiek (HO)
Package hobsub Info: Skipping package `infwarerr' (already loaded).
Package hobsub Info: Skipping package `ltxcmds' (already loaded).
Package: ifluatex 2010/03/01 v1.3 Provides the ifluatex switch (HO)
Package ifluatex Info: LuaTeX not detected.
Package: ifvtex 2010/03/01 v1.5 Switches for detecting VTeX and its modes (HO)
Package ifvtex Info: VTeX not detected.
Package: intcalc 2007/09/27 v1.1 Expandable integer calculations (HO)
Package: ifpdf 2011/01/30 v2.3 Provides the ifpdf switch (HO)
Package ifpdf Info: pdfTeX in PDF mode is detected.
Package: etexcmds 2011/02/16 v1.5 Prefix for e-TeX command names (HO)
Package etexcmds Info: Could not find \expanded.
(etexcmds)             That can mean that you are not using pdfTeX 1.50 or
(etexcmds)             that some package has redefined \expanded.
(etexcmds)             In the latter case, load this package earlier.
Package: kvsetkeys 2011/04/07 v1.13 Key value parser (HO)
Package: kvdefinekeys 2011/04/07 v1.3 Defining keys (HO)
Package: pdftexcmds 2011/04/22 v0.16 Utilities of pdfTeX for LuaTeX (HO)
Package pdftexcmds Info: LuaTeX not detected.
Package pdftexcmds Info: \pdf@primitive is available.
Package pdftexcmds Info: \pdf@ifprimitive is available.
Package pdftexcmds Info: \pdfdraftmode found.
Package: pdfescape 2011/04/04 v1.12 Provides string conversions (HO)
Package: bigintcalc 2011/01/30 v1.2 Expandable big integer calculations (HO)
Package: bitset 2011/01/30 v1.1 Data type bit set (HO)
Package: uniquecounter 2011/01/30 v1.2 Provides unlimited unique counter (HO)
)
Package hobsub Info: Skipping package `hobsub' (already loaded).
Package: letltxmacro 2010/09/02 v1.4 Let assignment for LaTeX macros (HO)
Package: hopatch 2011/01/30 v1.0 Wrapper for package hooks (HO)
Package: xcolor-patch 2011/01/30 xcolor patch
Package: atveryend 2011/04/23 v1.7 Hooks at very end of document (HO)
Package atveryend Info: \enddocument detected (standard).
Package: atbegshi 2011/01/30 v1.15 At begin shipout hook (HO)
Package: refcount 2010/12/01 v3.2 Data extraction from references (HO)
Package: hycolor 2011/01/30 v1.7 Color options of hyperref/bookmark (HO)
)
(/usr/local/texlive/2011/texmf-dist/tex/generic/ifxetex/ifxetex.sty
Package: ifxetex 2010/09/12 v0.6 Provides ifxetex conditional
)
(/usr/local/texlive/2011/texmf-dist/tex/latex/oberdiek/kvoptions.sty
Package: kvoptions 2010/12/23 v3.10 Keyval support for LaTeX options (HO)
)
\@linkdim=\dimen104
\Hy@linkcounter=\count94
\Hy@pagecounter=\count95

(/usr/local/texlive/2011/texmf-dist/tex/latex/hyperref/pd1enc.def
File: pd1enc.def 2011/04/17 v6.82g Hyperref: PDFDocEncoding definition (HO)
)
\Hy@SavedSpaceFactor=\count96

(/usr/local/texlive/2011/texmf-dist/tex/latex/latexconfig/hyperref.cfg
File: hyperref.cfg 2002/06/06 v1.2 hyperref configuration of TeXLive
)
Package hyperref Info: Hyper figures OFF on input line 4026.
Package hyperref Info: Link nesting OFF on input line 4031.
Package hyperref Info: Hyper index ON on input line 4034.
Package hyperref Info: Plain pages OFF on input line 4041.
Package hyperref Info: Backreferencing OFF on input line 4046.
Package hyperref Info: Implicit mode ON; LaTeX internals redefined.
Package hyperref Info: Bookmarks ON on input line 4264.
LaTeX Info: Redefining \href on input line 4528.
\c@Hy@tempcnt=\count97
LaTeX Info: Redefining \url on input line 4617.
\Fld@menulength=\count98
\Field@Width=\dimen105
\Fld@charsize=\dimen106
Package hyperref Info: Hyper figures OFF on input line 5701.
Package hyperref Info: Link nesting OFF on input line 5706.
Package hyperref Info: Hyper index ON on input line 5709.
Package hyperref Info: backreferencing OFF on input line 5716.
Package hyperref Info: Link coloring OFF on input line 5721.
Package hyperref Info: Link coloring with OCG OFF on input line 5726.
Package hyperref Info: PDF/A mode OFF on input line 5731.
LaTeX Info: Redefining \ref on input line 5771.
LaTeX Info: Redefining \pageref on input line 5775.
\Hy@abspage=\count99
\c@Item=\count100
\c@Hfootnote=\count101
)

Package hyperref Message: Driver (autodetected): hpdftex.

(/usr/local/texlive/2011/texmf-dist/tex/latex/hyperref/hpdftex.def
File: hpdftex.def 2011/04/17 v6.82g Hyperref driver for pdfTeX
\Fld@listcount=\count102
\c@bookmark@seq@number=\count103

(/usr/local/texlive/2011/texmf-dist/tex/latex/oberdiek/rerunfilecheck.sty
Package: rerunfilecheck 2011/04/15 v1.7 Rerun checks for auxiliary files (HO)
Package uniquecounter Info: New unique counter `rerunfilecheck' on input line 2
82.
)
\Hy@SectionHShift=\skip48
)

Package hyperref Warning: Option `hyperindex' has already been used,
(hyperref)                setting the option has no effect on input line 342.

Package hyperref Info: Option `colorlinks' set `true' on input line 342.

Package hyperref Warning: Option `pagebackref' has already been used,
(hyperref)                setting the option has no effect on input line 342.

Package hyperref Info: Option `linktocpage' set `true' on input line 342.
Package hyperref Info: Option `plainpages' set `false' on input line 342.
) (/usr/local/texlive/2011/texmf-dist/tex/latex/base/makeidx.sty
Package: makeidx 2000/03/29 v1.0m Standard LaTeX package
)
(/usr/local/texlive/2011/texmf-dist/tex/latex/base/inputenc.sty
Package: inputenc 2008/03/30 v1.1d Input encoding file
\inpenc@prehook=\toks18
\inpenc@posthook=\toks19

(/usr/local/texlive/2011/texmf-dist/tex/latex/base/utf8.def
File: utf8.def 2008/04/05 v1.1m UTF-8 support for inputenc
Now handling font encoding OML ...
... no UTF-8 mapping file for font encoding OML
Now handling font encoding T1 ...
... processing UTF-8 mapping file for font encoding T1

(/usr/local/texlive/2011/texmf-dist/tex/latex/base/t1enc.dfu
File: t1enc.dfu 2008/04/05 v1.1m UTF-8 support for inputenc
   defining Unicode char U+00A1 (decimal 161)
   defining Unicode char U+00A3 (decimal 163)
   defining Unicode char U+00AB (decimal 171)
   defining Unicode char U+00BB (decimal 187)
   defining Unicode char U+00BF (decimal 191)
   defining Unicode char U+00C0 (decimal 192)
   defining Unicode char U+00C1 (decimal 193)
   defining Unicode char U+00C2 (decimal 194)
   defining Unicode char U+00C3 (decimal 195)
   defining Unicode char U+00C4 (decimal 196)
   defining Unicode char U+00C5 (decimal 197)
   defining Unicode char U+00C6 (decimal 198)
   defining Unicode char U+00C7 (decimal 199)
   defining Unicode char U+00C8 (decimal 200)
   defining Unicode char U+00C9 (decimal 201)
   defining Unicode char U+00CA (decimal 202)
   defining Unicode char U+00CB (decimal 203)
   defining Unicode char U+00CC (decimal 204)
   defining Unicode char U+00CD (decimal 205)
   defining Unicode char U+00CE (decimal 206)
   defining Unicode char U+00CF (decimal 207)
   defining Unicode char U+00D0 (decimal 208)
   defining Unicode char U+00D1 (decimal 209)
   defining Unicode char U+00D2 (decimal 210)
   defining Unicode char U+00D3 (decimal 211)
   defining Unicode char U+00D4 (decimal 212)
   defining Unicode char U+00D5 (decimal 213)
   defining Unicode char U+00D6 (decimal 214)
   defining Unicode char U+00D8 (decimal 216)
   defining Unicode char U+00D9 (decimal 217)
   defining Unicode char U+00DA (decimal 218)
   defining Unicode char U+00DB (decimal 219)
   defining Unicode char U+00DC (decimal 220)
   defining Unicode char U+00DD (decimal 221)
   defining Unicode char U+00DE (decimal 222)
   defining Unicode char U+00DF (decimal 223)
   defining Unicode char U+00E0 (decimal 224)
   defining Unicode char U+00E1 (decimal 225)
   defining Unicode char U+00E2 (decimal 226)
   defining Unicode char U+00E3 (decimal 227)
   defining Unicode char U+00E4 (decimal 228)
   defining Unicode char U+00E5 (decimal 229)
   defining Unicode char U+00E6 (decimal 230)
   defining Unicode char U+00E7 (decimal 231)
   defining Unicode char U+00E8 (decimal 232)
   defining Unicode char U+00E9 (decimal 233)
   defining Unicode char U+00EA (decimal 234)
   defining Unicode char U+00EB (decimal 235)
   defining Unicode char U+00EC (decimal 236)
   defining Unicode char U+00ED (decimal 237)
   defining Unicode char U+00EE (decimal 238)
   defining Unicode char U+00EF (decimal 239)
   defining Unicode char U+00F0 (decimal 240)
   defining Unicode char U+00F1 (decimal 241)
   defining Unicode char U+00F2 (decimal 242)
   defining Unicode char U+00F3 (decimal 243)
   defining Unicode char U+00F4 (decimal 244)
   defining Unicode char U+00F5 (decimal 245)
   defining Unicode char U+00F6 (decimal 246)
   defining Unicode char U+00F8 (decimal 248)
   defining Unicode char U+00F9 (decimal 249)
   defining Unicode char U+00FA (decimal 250)
   defining Unicode char U+00FB (decimal 251)
   defining Unicode char U+00FC (decimal 252)
   defining Unicode char U+00FD (decimal 253)
   defining Unicode char U+00FE (decimal 254)
   defining Unicode char U+00FF (decimal 255)
   defining Unicode char U+0102 (decimal 258)
   defining Unicode char U+0103 (decimal 259)
   defining Unicode char U+0104 (decimal 260)
   defining Unicode char U+0105 (decimal 261)
   defining Unicode char U+0106 (decimal 262)
   defining Unicode char U+0107 (decimal 263)
   defining Unicode char U+010C (decimal 268)
   defining Unicode char U+010D (decimal 269)
   defining Unicode char U+010E (decimal 270)
   defining Unicode char U+010F (decimal 271)
   defining Unicode char U+0110 (decimal 272)
   defining Unicode char U+0111 (decimal 273)
   defining Unicode char U+0118 (decimal 280)
   defining Unicode char U+0119 (decimal 281)
   defining Unicode char U+011A (decimal 282)
   defining Unicode char U+011B (decimal 283)
   defining Unicode char U+011E (decimal 286)
   defining Unicode char U+011F (decimal 287)
   defining Unicode char U+0130 (decimal 304)
   defining Unicode char U+0131 (decimal 305)
   defining Unicode char U+0132 (decimal 306)
   defining Unicode char U+0133 (decimal 307)
   defining Unicode char U+0139 (decimal 313)
   defining Unicode char U+013A (decimal 314)
   defining Unicode char U+013D (decimal 317)
   defining Unicode char U+013E (decimal 318)
   defining Unicode char U+0141 (decimal 321)
   defining Unicode char U+0142 (decimal 322)
   defining Unicode char U+0143 (decimal 323)
   defining Unicode char U+0144 (decimal 324)
   defining Unicode char U+0147 (decimal 327)
   defining Unicode char U+0148 (decimal 328)
   defining Unicode char U+014A (decimal 330)
   defining Unicode char U+014B (decimal 331)
   defining Unicode char U+0150 (decimal 336)
   defining Unicode char U+0151 (decimal 337)
   defining Unicode char U+0152 (decimal 338)
   defining Unicode char U+0153 (decimal 339)
   defining Unicode char U+0154 (decimal 340)
   defining Unicode char U+0155 (decimal 341)
   defining Unicode char U+0158 (decimal 344)
   defining Unicode char U+0159 (decimal 345)
   defining Unicode char U+015A (decimal 346)
   defining Unicode char U+015B (decimal 347)
   defining Unicode char U+015E (decimal 350)
   defining Unicode char U+015F (decimal 351)
   defining Unicode char U+0160 (decimal 352)
   defining Unicode char U+0161 (decimal 353)
   defining Unicode char U+0162 (decimal 354)
   defining Unicode char U+0163 (decimal 355)
   defining Unicode char U+0164 (decimal 356)
   defining Unicode char U+0165 (decimal 357)
   defining Unicode char U+016E (decimal 366)
   defining Unicode char U+016F (decimal 367)
   defining Unicode char U+0170 (decimal 368)
   defining Unicode char U+0171 (decimal 369)
   defining Unicode char U+0178 (decimal 376)
   defining Unicode char U+0179 (decimal 377)
   defining Unicode char U+017A (decimal 378)
   defining Unicode char U+017B (decimal 379)
   defining Unicode char U+017C (decimal 380)
   defining Unicode char U+017D (decimal 381)
   defining Unicode char U+017E (decimal 382)
   defining Unicode char U+200C (decimal 8204)
   defining Unicode char U+2013 (decimal 8211)
   defining Unicode char U+2014 (decimal 8212)
   defining Unicode char U+2018 (decimal 8216)
   defining Unicode char U+2019 (decimal 8217)
   defining Unicode char U+201A (decimal 8218)
   defining Unicode char U+201C (decimal 8220)
   defining Unicode char U+201D (decimal 8221)
   defining Unicode char U+201E (decimal 8222)
   defining Unicode char U+2030 (decimal 8240)
   defining Unicode char U+2031 (decimal 8241)
   defining Unicode char U+2039 (decimal 8249)
   defining Unicode char U+203A (decimal 8250)
   defining Unicode char U+2423 (decimal 9251)
)
Now handling font encoding OT1 ...
... processing UTF-8 mapping file for font encoding OT1

(/usr/local/texlive/2011/texmf-dist/tex/latex/base/ot1enc.dfu
File: ot1enc.dfu 2008/04/05 v1.1m UTF-8 support for inputenc
   defining Unicode char U+00A1 (decimal 161)
   defining Unicode char U+00A3 (decimal 163)
   defining Unicode char U+00B8 (decimal 184)
   defining Unicode char U+00BF (decimal 191)
   defining Unicode char U+00C5 (decimal 197)
   defining Unicode char U+00C6 (decimal 198)
   defining Unicode char U+00D8 (decimal 216)
   defining Unicode char U+00DF (decimal 223)
   defining Unicode char U+00E6 (decimal 230)
   defining Unicode char U+00EC (decimal 236)
   defining Unicode char U+00ED (decimal 237)
   defining Unicode char U+00EE (decimal 238)
   defining Unicode char U+00EF (decimal 239)
   defining Unicode char U+00F8 (decimal 248)
   defining Unicode char U+0131 (decimal 305)
   defining Unicode char U+0141 (decimal 321)
   defining Unicode char U+0142 (decimal 322)
   defining Unicode char U+0152 (decimal 338)
   defining Unicode char U+0153 (decimal 339)
   defining Unicode char U+2013 (decimal 8211)
   defining Unicode char U+2014 (decimal 8212)
   defining Unicode char U+2018 (decimal 8216)
   defining Unicode char U+2019 (decimal 8217)
   defining Unicode char U+201C (decimal 8220)
   defining Unicode char U+201D (decimal 8221)
)
Now handling font encoding OMS ...
... processing UTF-8 mapping file for font encoding OMS

(/usr/local/texlive/2011/texmf-dist/tex/latex/base/omsenc.dfu
File: omsenc.dfu 2008/04/05 v1.1m UTF-8 support for inputenc
   defining Unicode char U+00A7 (decimal 167)
   defining Unicode char U+00B6 (decimal 182)
   defining Unicode char U+00B7 (decimal 183)
   defining Unicode char U+2020 (decimal 8224)
   defining Unicode char U+2021 (decimal 8225)
   defining Unicode char U+2022 (decimal 8226)
)
Now handling font encoding OMX ...
... no UTF-8 mapping file for font encoding OMX
Now handling font encoding U ...
... no UTF-8 mapping file for font encoding U
Now handling font encoding TS1 ...
... processing UTF-8 mapping file for font encoding TS1

(/usr/local/texlive/2011/texmf-dist/tex/latex/base/ts1enc.dfu
File: ts1enc.dfu 2008/04/05 v1.1m UTF-8 support for inputenc
   defining Unicode char U+00A2 (decimal 162)
   defining Unicode char U+00A3 (decimal 163)
   defining Unicode char U+00A4 (decimal 164)
   defining Unicode char U+00A5 (decimal 165)
   defining Unicode char U+00A6 (decimal 166)
   defining Unicode char U+00A7 (decimal 167)
   defining Unicode char U+00A8 (decimal 168)
   defining Unicode char U+00A9 (decimal 169)
   defining Unicode char U+00AA (decimal 170)
   defining Unicode char U+00AC (decimal 172)
   defining Unicode char U+00AE (decimal 174)
   defining Unicode char U+00AF (decimal 175)
   defining Unicode char U+00B0 (decimal 176)
   defining Unicode char U+00B1 (decimal 177)
   defining Unicode char U+00B2 (decimal 178)
   defining Unicode char U+00B3 (decimal 179)
   defining Unicode char U+00B4 (decimal 180)
   defining Unicode char U+00B5 (decimal 181)
   defining Unicode char U+00B6 (decimal 182)
   defining Unicode char U+00B7 (decimal 183)
   defining Unicode char U+00B9 (decimal 185)
   defining Unicode char U+00BA (decimal 186)
   defining Unicode char U+00BC (decimal 188)
   defining Unicode char U+00BD (decimal 189)
   defining Unicode char U+00BE (decimal 190)
   defining Unicode char U+00D7 (decimal 215)
   defining Unicode char U+00F7 (decimal 247)
   defining Unicode char U+0192 (decimal 402)
   defining Unicode char U+02C7 (decimal 711)
   defining Unicode char U+02D8 (decimal 728)
   defining Unicode char U+02DD (decimal 733)
   defining Unicode char U+0E3F (decimal 3647)
   defining Unicode char U+2016 (decimal 8214)
   defining Unicode char U+2020 (decimal 8224)
   defining Unicode char U+2021 (decimal 8225)
   defining Unicode char U+2022 (decimal 8226)
   defining Unicode char U+2030 (decimal 8240)
   defining Unicode char U+2031 (decimal 8241)
   defining Unicode char U+203B (decimal 8251)
   defining Unicode char U+203D (decimal 8253)
   defining Unicode char U+2044 (decimal 8260)
   defining Unicode char U+204E (decimal 8270)
   defining Unicode char U+2052 (decimal 8274)
   defining Unicode char U+20A1 (decimal 8353)
   defining Unicode char U+20A4 (decimal 8356)
   defining Unicode char U+20A6 (decimal 8358)
   defining Unicode char U+20A9 (decimal 8361)
   defining Unicode char U+20AB (decimal 8363)
   defining Unicode char U+20AC (decimal 8364)
   defining Unicode char U+20B1 (decimal 8369)
   defining Unicode char U+2103 (decimal 8451)
   defining Unicode char U+2116 (decimal 8470)
   defining Unicode char U+2117 (decimal 8471)
   defining Unicode char U+211E (decimal 8478)
   defining Unicode char U+2120 (decimal 8480)
   defining Unicode char U+2122 (decimal 8482)
   defining Unicode char U+2126 (decimal 8486)
   defining Unicode char U+2127 (decimal 8487)
   defining Unicode char U+212E (decimal 8494)
   defining Unicode char U+2190 (decimal 8592)
   defining Unicode char U+2191 (decimal 8593)
   defining Unicode char U+2192 (decimal 8594)
   defining Unicode char U+2193 (decimal 8595)
   defining Unicode char U+2329 (decimal 9001)
   defining Unicode char U+232A (decimal 9002)
   defining Unicode char U+2422 (decimal 9250)
   defining Unicode char U+25E6 (decimal 9702)
   defining Unicode char U+25EF (decimal 9711)
   defining Unicode char U+266A (decimal 9834)
)
Now handling font encoding PD1 ...
... no UTF-8 mapping file for font encoding PD1
   defining Unicode char U+00A9 (decimal 169)
   defining Unicode char U+00AA (decimal 170)
   defining Unicode char U+00AE (decimal 174)
   defining Unicode char U+00BA (decimal 186)
   defining Unicode char U+02C6 (decimal 710)
   defining Unicode char U+02DC (decimal 732)
   defining Unicode char U+200C (decimal 8204)
   defining Unicode char U+2026 (decimal 8230)
   defining Unicode char U+2122 (decimal 8482)
   defining Unicode char U+2423 (decimal 9251)
)
(/usr/local/texlive/2011/texmf-dist/tex/latex/base/latin1.def
File: latin1.def 2008/03/30 v1.1d Input encoding file
))
\@indexfile=\write3
\openout3 = `Rd2.idx'.


Writing index file Rd2.idx
(./Rd2.aux)
\openout1 = `Rd2.aux'.

LaTeX Font Info:    Checking defaults for OML/cmm/m/it on input line 8.
LaTeX Font Info:    ... okay on input line 8.
LaTeX Font Info:    Checking defaults for T1/cmr/m/n on input line 8.
LaTeX Font Info:    ... okay on input line 8.
LaTeX Font Info:    Checking defaults for OT1/cmr/m/n on input line 8.
LaTeX Font Info:    ... okay on input line 8.
LaTeX Font Info:    Checking defaults for OMS/cmsy/m/n on input line 8.
LaTeX Font Info:    ... okay on input line 8.
LaTeX Font Info:    Checking defaults for OMX/cmex/m/n on input line 8.
LaTeX Font Info:    ... okay on input line 8.
LaTeX Font Info:    Checking defaults for U/cmr/m/n on input line 8.
LaTeX Font Info:    ... okay on input line 8.
LaTeX Font Info:    Checking defaults for TS1/cmr/m/n on input line 8.
LaTeX Font Info:    Try loading font information for TS1+cmr on input line 8.
 (/usr/local/texlive/2011/texmf-dist/tex/latex/base/ts1cmr.fd
File: ts1cmr.fd 1999/05/25 v2.5h Standard LaTeX font definitions
)
LaTeX Font Info:    ... okay on input line 8.
LaTeX Font Info:    Checking defaults for PD1/pdf/m/n on input line 8.
LaTeX Font Info:    ... okay on input line 8.
LaTeX Font Info:    Try loading font information for T1+ptm on input line 8.

(/usr/local/texlive/2011/texmf-dist/tex/latex/psnfss/t1ptm.fd
File: t1ptm.fd 2001/06/04 font definitions for T1/ptm.
)
(/usr/local/texlive/2011/texmf-dist/tex/context/base/supp-pdf.mkii
[Loading MPS to PDF converter (version 2006.09.02).]
\scratchcounter=\count104
\scratchdimen=\dimen107
\scratchbox=\box30
\nofMPsegments=\count105
\nofMParguments=\count106
\everyMPshowfont=\toks20
\MPscratchCnt=\count107
\MPscratchDim=\dimen108
\MPnumerator=\count108
\makeMPintoPDFobject=\count109
\everyMPtoPDFconversion=\toks21
)
\AtBeginShipoutBox=\box31
Package hyperref Info: Link coloring ON on input line 8.
 (/usr/local/texlive/2011/texmf-dist/tex/latex/hyperref/nameref.sty
Package: nameref 2010/04/30 v2.40 Cross-referencing by name of section

(/usr/local/texlive/2011/texmf-dist/tex/generic/oberdiek/gettitlestring.sty
Package: gettitlestring 2010/12/03 v1.4 Cleanup title references (HO)
)
\c@section@level=\count110
)
LaTeX Info: Redefining \ref on input line 8.
LaTeX Info: Redefining \pageref on input line 8.
LaTeX Info: Redefining \nameref on input line 8.

(./Rd2.out) (./Rd2.out)
\@outlinefile=\write4
\openout4 = `Rd2.out'.

LaTeX Font Info:    Font shape `T1/ptm/bx/n' in size <24.88> not available
(Font)              Font shape `T1/ptm/b/n' tried instead on input line 9.
LaTeX Font Info:    Font shape `T1/ptm/bx/n' in size <10> not available
(Font)              Font shape `T1/ptm/b/n' tried instead on input line 11.
LaTeX Font Info:    Font shape `T1/ptm/bx/n' in size <20.74> not available
(Font)              Font shape `T1/ptm/b/n' tried instead on input line 11.
LaTeX Font Info:    Try loading font information for T1+fi4 on input line 19.

(/usr/local/texlive/2011/texmf-dist/tex/latex/inconsolata/t1fi4.fd
File: t1fi4.fd 2009/05/28 T1/Inconsolata
)
LaTeX Font Info:    External font `cmex10' loaded for size
(Font)              <7> on input line 33.
LaTeX Font Info:    External font `cmex10' loaded for size
(Font)              <5> on input line 33.
LaTeX Font Info:    Font shape `T1/ptm/bx/n' in size <14.4> not available
(Font)              Font shape `T1/ptm/b/n' tried instead on input line 48.
LaTeX Font Info:    Try loading font information for T1+phv on input line 48.

(/usr/local/texlive/2011/texmf-dist/tex/latex/psnfss/t1phv.fd
File: t1phv.fd 2001/06/04 scalable font definitions for T1/phv.
) (./Rd2.toc
[1


{/usr/local/texlive/2011/texmf-var/fonts/map/pdftex/updmap/pdftex.map}]
[2])
\tf@toc=\write5
\openout5 = `Rd2.toc'.

 (/usr/local/texlive/2011/texmf-dist/tex/latex/base/utf8.def
File: utf8.def 2008/04/05 v1.1m UTF-8 support for inputenc
) [3]
Overfull \hbox (54.78088pt too wide) in paragraph at lines 89--89
 []               \T1/fi4/m/n/10 suppressNamespaceWarning = getOption("suppress
XMLNamespaceWarning", FALSE),[] 
 []


Overfull \hbox (1.33824pt too wide) in paragraph at lines 136--141
\T1/ptm/m/n/10 is passed on to the rel-e-vant func-tion that cre-ates the text 
nodes, e.g. [][]\T1/fi4/m/n/10 xmlTextNode[][][]
 []

[4]
Overfull \hbox (59.28088pt too wide) in paragraph at lines 223--223
 []\T1/fi4/m/n/9 b = newXMLNode("bob", namespace = c(r = "http://www.r-project.
org", omg = "http://www.omegahat.org"))[] 
 []

[5]
Underfull \vbox (badness 10000) has occurred while \output is active []

 [6]
Overfull \hbox (9.78088pt too wide) in paragraph at lines 290--290
 []                \T1/fi4/m/n/9 xmlNode("a", "a link", attrs = c(href = "http:
//www.omegahat.org/RSXML")))[] 
 []

(/usr/local/texlive/2011/texmf-dist/tex/latex/base/utf8.def
File: utf8.def 2008/04/05 v1.1m UTF-8 support for inputenc
)
Overfull \hbox (34.23923pt too wide) in paragraph at lines 338--341
\T1/ptm/m/n/10 ent types of trees/nodes. These can in-clude \T1/fi4/m/n/10 attr
s\T1/ptm/m/n/10 , \T1/fi4/m/n/10 namespace\T1/ptm/m/n/10 , \T1/fi4/m/n/10 names
paceDefinitions\T1/ptm/m/n/10 ,
 []

[7] (/usr/local/texlive/2011/texmf-dist/tex/latex/base/utf8.def
File: utf8.def 2008/04/05 v1.1m UTF-8 support for inputenc
) [8]
Overfull \hbox (14.28088pt too wide) in paragraph at lines 454--454
 [] \T1/fi4/m/n/9 n = append.xmlNode(n, xmlNode("varNames", xmlNode("string", "
A"), xmlNode("string", "B")))[] 
 []

(/usr/local/texlive/2011/texmf-dist/tex/latex/base/utf8.def
File: utf8.def 2008/04/05 v1.1m UTF-8 support for inputenc
) [9]
(/usr/local/texlive/2011/texmf-dist/tex/latex/base/utf8.def
File: utf8.def 2008/04/05 v1.1m UTF-8 support for inputenc
)
Overfull \hbox (109.78088pt too wide) in paragraph at lines 554--554
 []\T1/fi4/m/n/10 asXMLTreeNode(node, env, id = get(".nodeIdGenerator", env)(xm
lName(node)), className = "XMLTreeNode")[] 
 []

[10] (/usr/local/texlive/2011/texmf-dist/tex/latex/base/utf8.def
File: utf8.def 2008/04/05 v1.1m UTF-8 support for inputenc
)
Overfull \hbox (12.16985pt too wide) in paragraph at lines 641--646
[]\T1/ptm/m/n/10 More in-for-ma-tion can be found at [][]$\T1/fi4/m/n/10 http :
 / / xmlsoft . org / catalog . html$[][] \T1/ptm/m/n/10 and [][]$\T1/fi4/m/n/10
 http : / / www . sagehill .
 []

[11]
Overfull \hbox (18.78088pt too wide) in paragraph at lines 717--717
 []          \T1/fi4/m/n/9 catalogAdd(c("http://www.omegahat.org/XML" = system.
file("XML", package = "XML")))[] 
 []


Overfull \hbox (0.78088pt too wide) in paragraph at lines 718--718
 []          \T1/fi4/m/n/9 catalogAdd("http://www.omegahat.org/XML", system.fil
e("XML", package = "XML"))[] 
 []


Overfull \hbox (86.28088pt too wide) in paragraph at lines 719--719
 []          \T1/fi4/m/n/9 catalogAdd("http://www.r-project.org/doc/", paste(R.
home(), "doc", "", sep = .Platform$file.sep))[] 
 []

[12]
Overfull \hbox (5.28088pt too wide) in paragraph at lines 722--722
 []     \T1/fi4/m/n/9 #          This shows how we can load a catalog and then 
resolve a system identifier[] 
 []

(/usr/local/texlive/2011/texmf-dist/tex/latex/base/utf8.def
File: utf8.def 2008/04/05 v1.1m UTF-8 support for inputenc
)
Overfull \hbox (42.85767pt too wide) in paragraph at lines 738--745
\T1/ptm/m/n/10 tially dif-fer-ent re-mote files. We can use a cat-a-log to map 
a ref-er-ence such as \T1/fi4/m/n/10 http://www.omegahat.org/XSL/
 []

[13]
Overfull \hbox (18.78088pt too wide) in paragraph at lines 802--802
 []\T1/fi4/m/n/9 Sys.setenv("XML_CATALOG_FILES" = system.file("exampleData", "c
atalog.xml", package = "XML"))[] 
 []

(/usr/local/texlive/2011/texmf-dist/tex/latex/base/utf8.def
File: utf8.def 2008/04/05 v1.1m UTF-8 support for inputenc
)
(/usr/local/texlive/2011/texmf-dist/tex/latex/base/utf8.def
File: utf8.def 2008/04/05 v1.1m UTF-8 support for inputenc
) [14] [15]
(/usr/local/texlive/2011/texmf-dist/tex/latex/base/utf8.def
File: utf8.def 2008/04/05 v1.1m UTF-8 support for inputenc
)
(/usr/local/texlive/2011/texmf-dist/tex/latex/base/utf8.def
File: utf8.def 2008/04/05 v1.1m UTF-8 support for inputenc
) [16]
Overfull \hbox (212.28088pt too wide) in paragraph at lines 1052--1052
 []  \T1/fi4/m/n/9 d = Doctype(name = "section", public = c("-//OASIS//DTD DocB
ook XML V4.2//EN", "http://oasis-open.org/docbook/xml/4.2/docbookx.dtd"))[] 
 []


Overfull \hbox (252.78088pt too wide) in paragraph at lines 1056--1056
 []  \T1/fi4/m/n/9 d = Doctype(name = "section", public = c("-//OASIS//DTD DocB
ook XML V4.2//EN"), system = "http://oasis-open.org/docbook/xml/4.2/docbookx.dt
d")[] 
 []

(/usr/local/texlive/2011/texmf-dist/tex/latex/base/utf8.def
File: utf8.def 2008/04/05 v1.1m UTF-8 support for inputenc
) [17]
Overfull \hbox (212.28088pt too wide) in paragraph at lines 1108--1108
 []  \T1/fi4/m/n/9 d = Doctype(name = "section", public = c("-//OASIS//DTD DocB
ook XML V4.2//EN", "http://oasis-open.org/docbook/xml/4.2/docbookx.dtd"))[] 
 []

(/usr/local/texlive/2011/texmf-dist/tex/latex/base/utf8.def
File: utf8.def 2008/04/05 v1.1m UTF-8 support for inputenc
) [18] [19]
(/usr/local/texlive/2011/texmf-dist/tex/latex/base/utf8.def
File: utf8.def 2008/04/05 v1.1m UTF-8 support for inputenc
) [20]
(/usr/local/texlive/2011/texmf-dist/tex/latex/base/utf8.def
File: utf8.def 2008/04/05 v1.1m UTF-8 support for inputenc
) [21]
(/usr/local/texlive/2011/texmf-dist/tex/latex/base/utf8.def
File: utf8.def 2008/04/05 v1.1m UTF-8 support for inputenc
) [22]
(/usr/local/texlive/2011/texmf-dist/tex/latex/base/utf8.def
File: utf8.def 2008/04/05 v1.1m UTF-8 support for inputenc
) [23]
(/usr/local/texlive/2011/texmf-dist/tex/latex/base/utf8.def
File: utf8.def 2008/04/05 v1.1m UTF-8 support for inputenc
) [24]
(/usr/local/texlive/2011/texmf-dist/tex/latex/base/utf8.def
File: utf8.def 2008/04/05 v1.1m UTF-8 support for inputenc
) [25]
(/usr/local/texlive/2011/texmf-dist/tex/latex/base/utf8.def
File: utf8.def 2008/04/05 v1.1m UTF-8 support for inputenc
)
Overfull \hbox (7.3792pt too wide) in paragraph at lines 1666--1673
[][][]\T1/fi4/m/n/10 xmlEventParse[][][] [][]startElement.SAX[][][] [][]endElem
ent.SAX[][][] [][]comment.SAX[][][] [][]processingInstruction.SAX[][][]
 []

[26] (/usr/local/texlive/2011/texmf-dist/tex/latex/base/utf8.def
File: utf8.def 2008/04/05 v1.1m UTF-8 support for inputenc
)
(/usr/local/texlive/2011/texmf-dist/tex/latex/base/utf8.def
File: utf8.def 2008/04/05 v1.1m UTF-8 support for inputenc
) [27]
(/usr/local/texlive/2011/texmf-dist/tex/latex/base/utf8.def
File: utf8.def 2008/04/05 v1.1m UTF-8 support for inputenc
) [28] [29]
Overfull \hbox (9.78088pt too wide) in paragraph at lines 1889--1889
 []\T1/fi4/m/n/10 getNodeSet(doc, path, namespaces = xmlNamespaceDefinitions(do
c, simplify = TRUE),[] 
 []


Overfull \hbox (24.78088pt too wide) in paragraph at lines 1890--1890
 []                    \T1/fi4/m/n/10 fun = NULL, sessionEncoding = CE_NATIVE, 
addFinalizer = NA, ...)[] 
 []


Overfull \hbox (39.78088pt too wide) in paragraph at lines 1898--1898
 []                               \T1/fi4/m/n/10 nsDefs = xmlNamespaceDefinitio
ns(doc, recursive = TRUE),[] 
 []

[30]
Overfull \hbox (50.56981pt too wide) in paragraph at lines 1961--1973
\T1/ptm/m/n/10 we have an XML doc-u-ment \T1/fi4/m/n/10 <help xmlns="http://www
.r-project.org/Rd"><topic>...</topic></help>
 []


Overfull \hbox (11.73862pt too wide) in paragraph at lines 1961--1973
\T1/fi4/m/n/10 project.org/Rd \T1/ptm/m/n/10 cor-re-spond-ing to the one in the
 XML doc-u-ment. So we would use \T1/fi4/m/n/10 getNodeSet(doc,
 []

[31]
Overfull \hbox (9.78088pt too wide) in paragraph at lines 2073--2073
 [] \T1/fi4/m/n/9 getNodeSet(z, "/a:Envelope/a:Body", c("a" = "http://schemas.x
mlsoap.org/soap/envelope/"))[] 
 []

[32]
Overfull \hbox (54.78088pt too wide) in paragraph at lines 2117--2117
 [] \T1/fi4/m/n/9 rates = xpathApply(doc, "//ns:Cube[@currency='SIT']", xmlGetA
ttr, "rate", namespaces = namespaces )[] 
 []


Overfull \hbox (99.78088pt too wide) in paragraph at lines 2121--2121
 [] \T1/fi4/m/n/9 rates = xpathApply(doc, "//ns:Cube[@currency='SIT']", quote(x
mlGetAttr(x, "rate")), namespaces = namespaces )[] 
 []


Overfull \hbox (9.78088pt too wide) in paragraph at lines 2130--2130
 []  \T1/fi4/m/n/9 getNodeSet(d, "/o:a//c:c", c("o" = "http://www.omegahat.org"
, "c" = "http://www.c.org"))[] 
 []


Underfull \vbox (badness 10000) has occurred while \output is active []

 [33]
Overfull \hbox (59.28088pt too wide) in paragraph at lines 2173--2173
 []  \T1/fi4/m/n/9 doc = htmlTreeParse("http://finance.yahoo.com/bonds/composit
e_bond_rates", useInternalNodes = TRUE)[] 
 []


Underfull \vbox (badness 10000) has occurred while \output is active []

 [34]
Overfull \hbox (81.78088pt too wide) in paragraph at lines 2224--2224
 []    \T1/fi4/m/n/9 txt = '<top xmlns="http://www.r-project.org" xmlns:r="http
://www.r-project.org"><r:a><b/></r:a></top>'[] 
 []

(/usr/local/texlive/2011/texmf-dist/tex/latex/base/utf8.def
File: utf8.def 2008/04/05 v1.1m UTF-8 support for inputenc
) [35]
(/usr/local/texlive/2011/texmf-dist/tex/latex/base/utf8.def
File: utf8.def 2008/04/05 v1.1m UTF-8 support for inputenc
) [36]
Overfull \hbox (32.28088pt too wide) in paragraph at lines 2378--2378
 []     \T1/fi4/m/n/9 #           Here we read  a "censored" "database" of song
s from Apple's  iTune application[] 
 []

[37] (/usr/local/texlive/2011/texmf-dist/tex/latex/base/utf8.def
File: utf8.def 2008/04/05 v1.1m UTF-8 support for inputenc
) [38]
(/usr/local/texlive/2011/texmf-dist/tex/latex/base/utf8.def
File: utf8.def 2008/04/05 v1.1m UTF-8 support for inputenc
) [39]
(/usr/local/texlive/2011/texmf-dist/tex/latex/base/utf8.def
File: utf8.def 2008/04/05 v1.1m UTF-8 support for inputenc
) [40]
(/usr/local/texlive/2011/texmf-dist/tex/latex/base/utf8.def
File: utf8.def 2008/04/05 v1.1m UTF-8 support for inputenc
)
Overfull \hbox (4.97928pt too wide) in paragraph at lines 2631--2644
\T1/fi4/m/n/10 libxmlFeatures \T1/ptm/m/n/10 re-turns a log-i-cal vec-tor with 
names given by:  \T1/fi4/m/n/10 [1] "THREAD" "TREE" "OUTPUT"
 []


Overfull \hbox (39.78088pt too wide) in paragraph at lines 2631--2644
\T1/fi4/m/n/10 "PUSH" "READER" [6] "PATTERN" "WRITER" "SAX1" "FTP" "HTTP" [11] 
"VALID" "HTML" "LEGACY"
 []


Overfull \hbox (9.78088pt too wide) in paragraph at lines 2631--2644
\T1/fi4/m/n/10 "C14N" "CATALOG" [16] "XPATH" "XPTR" "XINCLUDE" "ICONV" "ISO8859
X" [21] "UNICODE"
 []


Overfull \hbox (24.78088pt too wide) in paragraph at lines 2631--2644
\T1/fi4/m/n/10 "REGEXP" "AUTOMATA" "EXPR" "SCHEMAS" [26] "SCHEMATRON" "MODULES"
 "DEBUG" "DEBUG_MEM"
 []

[41] (/usr/local/texlive/2011/texmf-dist/tex/latex/base/utf8.def
File: utf8.def 2008/04/05 v1.1m UTF-8 support for inputenc
) [42]
(/usr/local/texlive/2011/texmf-dist/tex/latex/base/utf8.def
File: utf8.def 2008/04/05 v1.1m UTF-8 support for inputenc
)
(/usr/local/texlive/2011/texmf-dist/tex/latex/base/utf8.def
File: utf8.def 2008/04/05 v1.1m UTF-8 support for inputenc
) [43] [44]
Overfull \hbox (16.26955pt too wide) in paragraph at lines 2874--2879
\T1/ptm/m/n/10 the XML doc-u-ment, \ e.g. \T1/fi4/m/n/10 c(shelp = "http://www.
omegahat.org/XML/SHelp") 
 []

[45] [46] [47]
Overfull \hbox (41.28088pt too wide) in paragraph at lines 3089--3089
 []\T1/fi4/m/n/9 z = xmlTree("people", dtd = c("people", "//a//b//c//d", "http:
//www.omegahat.org/XML/types.dtd"))[] 
 []


Overfull \hbox (122.28088pt too wide) in paragraph at lines 3106--3106
 []\T1/fi4/m/n/9 z$addNode("r:data",  namespace = c(r = "http://www.r-project.o
rg", omg = "http://www.omegahat.org"), close = FALSE)[] 
 []


Underfull \vbox (badness 10000) has occurred while \output is active []

 [48]
(/usr/local/texlive/2011/texmf-dist/tex/latex/base/utf8.def
File: utf8.def 2008/04/05 v1.1m UTF-8 support for inputenc
) [49]
(/usr/local/texlive/2011/texmf-dist/tex/latex/base/utf8.def
File: utf8.def 2008/04/05 v1.1m UTF-8 support for inputenc
)
Overfull \hbox (4.78088pt too wide) in paragraph at lines 3214--3214
 []\T1/fi4/m/n/10 parseDTD(extId, asText=FALSE, name="", isURL=FALSE, error = x
mlErrorCumulator())[] 
 []

LaTeX Font Info:    Try loading font information for TS1+ptm on input line 3250
.
(/usr/local/texlive/2011/texmf-dist/tex/latex/psnfss/ts1ptm.fd
File: ts1ptm.fd 2001/06/04 font definitions for TS1/ptm.
) [50] [51]
(/usr/local/texlive/2011/texmf-dist/tex/latex/base/utf8.def
File: utf8.def 2008/04/05 v1.1m UTF-8 support for inputenc
)
Overfull \hbox (15.2779pt too wide) in paragraph at lines 3369--3371
[]\T1/ptm/m/n/10 a string giv-ing the name of the user, e.g. in FTP "ftp://dunc
an@www.omegahat.org",
 []


Overfull \hbox (37.88806pt too wide) in paragraph at lines 3372--3374
[]\T1/ptm/m/n/10 the CGI query part of the string, e.g. the bit af-ter '?' of t
he form \T1/fi4/m/n/10 name=value&name=value 
 []


Overfull \hbox (23.28088pt too wide) in paragraph at lines 3391--3391
 []  \T1/fi4/m/n/9 as(parseURI("http://duncan@www.omegahat.org:8080/RCurl/index
.html#my_anchor"), "character")[] 
 []


Overfull \hbox (36.78088pt too wide) in paragraph at lines 3393--3393
 []  \T1/fi4/m/n/9 as(parseURI("ftp://duncan@www.omegahat.org:8080/RCurl/index.
html?foo=1&bar=axd"), "character")[] 
 []

(/usr/local/texlive/2011/texmf-dist/tex/latex/base/utf8.def
File: utf8.def 2008/04/05 v1.1m UTF-8 support for inputenc
) [52]
Overfull \hbox (32.28088pt too wide) in paragraph at lines 3465--3465
 []  \T1/fi4/m/n/9 txt = sprintf("<Placemark><Point><coordinates>%.3f,%.3f,0</c
oordinates></Point></Placemark>",[] 
 []

[53] (/usr/local/texlive/2011/texmf-dist/tex/latex/base/utf8.def
File: utf8.def 2008/04/05 v1.1m UTF-8 support for inputenc
) [54] [55]
(/usr/local/texlive/2011/texmf-dist/tex/latex/base/utf8.def
File: utf8.def 2008/04/05 v1.1m UTF-8 support for inputenc
)
Overfull \hbox (10.71863pt too wide) in paragraph at lines 3634--3640
[]\T1/ptm/m/n/10 These are only rel-e-vant for "in-ter-nal nodes" as gen-er-ate
d via [][]\T1/fi4/m/n/10 xmlInternalTreeParse[][][] \T1/ptm/m/n/10 and [][]\T1/
fi4/m/n/10 newXMLNode[][][]
 []


Overfull \hbox (12.97781pt too wide) in paragraph at lines 3634--3640
\T1/ptm/m/n/10 and their re-lated func-tions. When deal-ing with XML doc-u-ment
s via [][]\T1/fi4/m/n/10 xmlTreeParse[][][] \T1/ptm/m/n/10 or [][]\T1/fi4/m/n/1
0 xmlEventParse[][][]\T1/ptm/m/n/10 ,
 []

[56] (/usr/local/texlive/2011/texmf-dist/tex/latex/base/utf8.def
File: utf8.def 2008/04/05 v1.1m UTF-8 support for inputenc
)
Overfull \hbox (3.77963pt too wide) in paragraph at lines 3737--3741
\T1/fi4/m/n/10 HTMLInternalDocument\T1/ptm/m/n/10 , or an HTML node of class \T
1/fi4/m/n/10 XMLInternalElementNode\T1/ptm/m/n/10 ,
 []

[57]
Overfull \hbox (28.77847pt too wide) in paragraph at lines 3784--3788
[]\T1/ptm/m/n/10 currently ad-di-tional pa-ram-e-ters that are passed on to [][
]\T1/fi4/m/n/10 as.data.frame[][][] \T1/ptm/m/n/10 if \T1/fi4/m/n/10 as.data.fr
ame
 []

[58]
Overfull \hbox (36.78088pt too wide) in paragraph at lines 3829--3829
 []                      \T1/fi4/m/n/9 ncol(tmp)-1, byrow = TRUE, dimnames = li
st(NULL, as.character(tmp[[1]]))))[] 
 []


Overfull \hbox (63.78088pt too wide) in paragraph at lines 3853--3853
 []  \T1/fi4/m/n/9 zz = readHTMLTable("http://www.inflationdata.com/Inflation/C
onsumer_Price_Index/HistoricalCPI.aspx")[] 
 []


Overfull \hbox (23.28088pt too wide) in paragraph at lines 3854--3854
 []  \T1/fi4/m/n/9 if(any(i <- sapply(zz, ncol) == 14)) {  # guard against the 
structure of the page changing.[] 
 []


Overfull \hbox (9.78088pt too wide) in paragraph at lines 3856--3856
 []        \T1/fi4/m/n/9 # convert columns to numeric.  Could use colClasses in
 the call to readHTMLTable()[] 
 []

[59]
Overfull \hbox (23.28088pt too wide) in paragraph at lines 3878--3878
 [] \T1/fi4/m/n/9 u = "http://tidesonline.nos.noaa.gov/data_read.shtml?station_
info=9414290+San+Francisco,+CA"[] 
 []


Overfull \hbox (45.78088pt too wide) in paragraph at lines 3895--3895
 []  \T1/fi4/m/n/9 tt =  getURL("http://www.omegahat.org/RCurl/testPassword/tab
le.html",  userpwd = "bob:duncantl")[] 
 []

(/usr/local/texlive/2011/texmf-dist/tex/latex/base/utf8.def
File: utf8.def 2008/04/05 v1.1m UTF-8 support for inputenc
) [60]
(/usr/local/texlive/2011/texmf-dist/tex/latex/base/utf8.def
File: utf8.def 2008/04/05 v1.1m UTF-8 support for inputenc
)
Overfull \hbox (39.78088pt too wide) in paragraph at lines 3976--3976
 []\T1/fi4/m/n/10 saveXML(doc, file=NULL, compression=0, indent=TRUE, prefix = 
'<?xml version="1.0"?>\n',[] 
 []


Overfull \hbox (39.78088pt too wide) in paragraph at lines 3979--3979
 []\T1/fi4/m/n/10 saveXML(doc, file=NULL, compression=0, indent=TRUE, prefix = 
'<?xml version="1.0"?>\n',[] 
 []


Overfull \hbox (39.78088pt too wide) in paragraph at lines 3982--3982
 []\T1/fi4/m/n/10 saveXML(doc, file=NULL, compression=0, indent=TRUE, prefix = 
'<?xml version="1.0"?>\n',[] 
 []


Overfull \hbox (39.78088pt too wide) in paragraph at lines 3985--3985
 []\T1/fi4/m/n/10 saveXML(doc, file=NULL, compression=0, indent=TRUE, prefix = 
'<?xml version="1.0"?>\n',[] 
 []


Overfull \hbox (39.78088pt too wide) in paragraph at lines 3988--3988
 []\T1/fi4/m/n/10 saveXML(doc, file=NULL, compression=0, indent=TRUE, prefix = 
'<?xml version="1.0"?>\n',[] 
 []

[61] [62] (/usr/local/texlive/2011/texmf-dist/tex/latex/base/utf8.def
File: utf8.def 2008/04/05 v1.1m UTF-8 support for inputenc
) [63]
Overfull \hbox (11.70992pt too wide) in paragraph at lines 4154--4155
[]\T1/fi4/m/n/10 signature(name = "ANY", base = "ANY", sysId = "ANY", publicId
 []


Overfull \hbox (42.65938pt too wide) in paragraph at lines 4155--4156
[]\T1/fi4/m/n/10 signature(target = "ANY", content = "ANY", .state = "SAXState"
)\T1/ptm/m/n/10 :
 []

[64]
Overfull \hbox (77.28088pt too wide) in paragraph at lines 4203--4203
 [] \T1/fi4/m/n/9 z = xmlEventParse(filename, genericSAXHandlers(), state = new
("ElementNameCounter"), addContext = FALSE)[] 
 []

(/usr/local/texlive/2011/texmf-dist/tex/latex/base/utf8.def
File: utf8.def 2008/04/05 v1.1m UTF-8 support for inputenc
)
(/usr/local/texlive/2011/texmf-dist/tex/latex/base/utf8.def
File: utf8.def 2008/04/05 v1.1m UTF-8 support for inputenc
) [65]
Overfull \hbox (4.78088pt too wide) in paragraph at lines 4295--4295
 []\T1/fi4/m/n/10 entityDeclaration.SAX(name, base, sysId, publicId, notationNa
me,  .state = NULL)[] 
 []

(/usr/local/texlive/2011/texmf-dist/tex/latex/base/utf8.def
File: utf8.def 2008/04/05 v1.1m UTF-8 support for inputenc
) [66]
(/usr/local/texlive/2011/texmf-dist/tex/latex/base/utf8.def
File: utf8.def 2008/04/05 v1.1m UTF-8 support for inputenc
) [67]
(/usr/local/texlive/2011/texmf-dist/tex/latex/base/utf8.def
File: utf8.def 2008/04/05 v1.1m UTF-8 support for inputenc
) [68]
Overfull \hbox (0.78088pt too wide) in paragraph at lines 4508--4508
 [] \T1/fi4/m/n/9 x <- xmlRoot(xmlTreeParse(system.file("exampleData", "gnumeri
c.xml", package = "XML")))[] 
 []

(/usr/local/texlive/2011/texmf-dist/tex/latex/base/utf8.def
File: utf8.def 2008/04/05 v1.1m UTF-8 support for inputenc
) [69] [70]
(/usr/local/texlive/2011/texmf-dist/tex/latex/base/utf8.def
File: utf8.def 2008/04/05 v1.1m UTF-8 support for inputenc
)
(/usr/local/texlive/2011/texmf-dist/tex/latex/base/utf8.def
File: utf8.def 2008/04/05 v1.1m UTF-8 support for inputenc
) [71]
Overfull \hbox (189.78088pt too wide) in paragraph at lines 4664--4664
 [] \T1/fi4/m/n/10 'xmlAttrs<-'(node, append = TRUE, suppressNamespaceWarning =
 getOption("suppressXMLNamespaceWarning", FALSE), value)[] 
 []

[72] (/usr/local/texlive/2011/texmf-dist/tex/latex/base/utf8.def
File: utf8.def 2008/04/05 v1.1m UTF-8 support for inputenc
) [73]
(/usr/local/texlive/2011/texmf-dist/tex/latex/base/utf8.def
File: utf8.def 2008/04/05 v1.1m UTF-8 support for inputenc
) [74]
(/usr/local/texlive/2011/texmf-dist/tex/latex/base/utf8.def
File: utf8.def 2008/04/05 v1.1m UTF-8 support for inputenc
) [75]
(/usr/local/texlive/2011/texmf-dist/tex/latex/base/utf8.def
File: utf8.def 2008/04/05 v1.1m UTF-8 support for inputenc
) [76]
(/usr/local/texlive/2011/texmf-dist/tex/latex/base/utf8.def
File: utf8.def 2008/04/05 v1.1m UTF-8 support for inputenc
) [77]
(/usr/local/texlive/2011/texmf-dist/tex/latex/base/utf8.def
File: utf8.def 2008/04/05 v1.1m UTF-8 support for inputenc
) [78]
Overfull \hbox (7.36877pt too wide) in paragraph at lines 5154--5170
[]\T1/ptm/m/n/10 The ad-di-tion of the \T1/fi4/m/n/10 recursive \T1/ptm/m/n/10 
ar-gu-ment makes this func-tion be-have like the \T1/fi4/m/n/10 getElementsByTa
gName
 []

(/usr/local/texlive/2011/texmf-dist/tex/latex/base/utf8.def
File: utf8.def 2008/04/05 v1.1m UTF-8 support for inputenc
) [79]
Overfull \hbox (5.28088pt too wide) in paragraph at lines 5256--5256
 []  \T1/fi4/m/n/9 xmlElementSummary(system.file("exampleData", "eurofxref-hist
.xml.gz", package = "XML"))[] 
 []

(/usr/local/texlive/2011/texmf-dist/tex/latex/base/utf8.def
File: utf8.def 2008/04/05 v1.1m UTF-8 support for inputenc
) [80]
(/usr/local/texlive/2011/texmf-dist/tex/latex/base/utf8.def
File: utf8.def 2008/04/05 v1.1m UTF-8 support for inputenc
) [81]
Overfull \hbox (0.26694pt too wide) in paragraph at lines 5362--5367
\T1/ptm/m/n/10 han-dler el-e-ments with the same name as the XML el-e-ment of i
n-ter-est, i.e. \T1/fi4/m/n/10 "myTag" = function(x,
 []

[82]
Overfull \hbox (52.63095pt too wide) in paragraph at lines 5441--5452
\T1/fi4/m/n/10 entityDeclaration()\T1/ptm/m/n/10 , \T1/fi4/m/n/10 processingIns
truction()\T1/ptm/m/n/10 , \T1/fi4/m/n/10 text()\T1/ptm/m/n/10 , \T1/fi4/m/n/10
 cdata()\T1/ptm/m/n/10 , \T1/fi4/m/n/10 startDocument()\T1/ptm/m/n/10 ,
 []


Overfull \hbox (14.2404pt too wide) in paragraph at lines 5460--5479
\T1/fi4/m/n/10 = "", system = "character", public = "character" ) name \T1/ptm/
m/n/10 gives the name
 []


Overfull \hbox (28.59091pt too wide) in paragraph at lines 5460--5479
\T1/fi4/m/n/10 "External_General_Unparsed"\T1/ptm/m/n/10 , \T1/fi4/m/n/10 "Inte
rnal_Parameter"\T1/ptm/m/n/10 , \T1/fi4/m/n/10 "External_Parameter"\T1/ptm/m/n/
10 ,
 []

[83] [84]
Underfull \vbox (badness 2698) has occurred while \output is active []

 [85]
[86]
Underfull \vbox (badness 10000) has occurred while \output is active []

 [87]
Overfull \hbox (77.28088pt too wide) in paragraph at lines 5805--5805
 [] \T1/fi4/m/n/9 xmlEventParse(system.file("exampleData", "namespaces.xml", pa
ckage="XML"), handlers = h, saxVersion = 2)[] 
 []


Overfull \hbox (27.78088pt too wide) in paragraph at lines 5827--5827
 []  \T1/fi4/m/n/9 invisible(xmlEventParse(filename, branches = list(b = functi
on(node) {print(names(node))})))[] 
 []


Overfull \hbox (117.78088pt too wide) in paragraph at lines 5828--5828
 []  \T1/fi4/m/n/9 invisible(xmlEventParse(filename, branches = list(b = functi
on(node) {print(xmlName(xmlChildren(node)[[1]]))})))[] 
 []


Underfull \vbox (badness 10000) has occurred while \output is active []

 [88]
Overfull \hbox (36.78088pt too wide) in paragraph at lines 5850--5850
 []  \T1/fi4/m/n/9 xmlEventParse(fileName, handlers = list(startElement = start
Element, endElement = endElement))[] 
 []

(/usr/local/texlive/2011/texmf-dist/tex/latex/base/utf8.def
File: utf8.def 2008/04/05 v1.1m UTF-8 support for inputenc
)
Overfull \hbox (99.78088pt too wide) in paragraph at lines 5882--5882
 []\T1/fi4/m/n/10 xmlFlatListTree(nodes = list(), parents = character(), childr
en = list(), env = new.env(), n = 200)[] 
 []

[89]
Overfull \hbox (3.29826pt too wide) in paragraph at lines 5905--5910
[]\T1/ptm/m/n/10 An ob-ject of class XMLFlat-Tree which is spe-cial-ized to \T1
/fi4/m/n/10 XMLFlatListTree \T1/ptm/m/n/10 by the \T1/fi4/m/n/10 xmlFlatListTre
e
 []

[90] (/usr/local/texlive/2011/texmf-dist/tex/latex/base/utf8.def
File: utf8.def 2008/04/05 v1.1m UTF-8 support for inputenc
) [91] [92]
(/usr/local/texlive/2011/texmf-dist/tex/latex/base/utf8.def
File: utf8.def 2008/04/05 v1.1m UTF-8 support for inputenc
)
(/usr/local/texlive/2011/texmf-dist/tex/latex/base/utf8.def
File: utf8.def 2008/04/05 v1.1m UTF-8 support for inputenc
) [93]
Overfull \hbox (40.3587pt too wide) in paragraph at lines 6186--6190
[]\T1/ptm/m/n/10 Objects of this type are cre-ated via [][]\T1/fi4/m/n/10 xmlTr
eeParse[][][] \T1/ptm/m/n/10 and [][]\T1/fi4/m/n/10 htmlTreeParse[][][] \T1/ptm
/m/n/10 with the ar-gu-ment \T1/fi4/m/n/10 useInternalNodes
 []

(/usr/local/texlive/2011/texmf-dist/tex/latex/base/utf8.def
File: utf8.def 2008/04/05 v1.1m UTF-8 support for inputenc
) [94] [95]
(/usr/local/texlive/2011/texmf-dist/tex/latex/base/utf8.def
File: utf8.def 2008/04/05 v1.1m UTF-8 support for inputenc
) [96]
Overfull \hbox (50.28088pt too wide) in paragraph at lines 6390--6390
 []   \T1/fi4/m/n/9 doc = xmlParse('<top xmlns:r="http://www.r-project.org"><bo
b><code>a = 1:10</code></bob></top>')[] 
 []


Overfull \hbox (50.28088pt too wide) in paragraph at lines 6396--6396
 []   \T1/fi4/m/n/9 doc = xmlParse('<top xmlns:r="http://www.r-project.org"><bo
b><code>a = 1:10</code></bob></top>')[] 
 []

(/usr/local/texlive/2011/texmf-dist/tex/latex/base/utf8.def
File: utf8.def 2008/04/05 v1.1m UTF-8 support for inputenc
)
Overfull \hbox (125.45811pt too wide) in paragraph at lines 6417--6423
[]\T1/ptm/m/n/10 If the given node has any names-pace def-i-ni-tions de-clared 
within it, i.e. of the form \T1/fi4/m/n/10 xmlns:myNamespace="http://www.myNS.o
rg"\T1/ptm/m/n/10 ,
 []


Overfull \hbox (29.78088pt too wide) in paragraph at lines 6435--6435
 []\T1/fi4/m/n/10 xmlNamespaceDefinitions(x, addNames = TRUE, recursive = FALSE
, simplify = FALSE, ...)[] 
 []

[97] (/usr/local/texlive/2011/texmf-dist/tex/latex/base/utf8.def
File: utf8.def 2008/04/05 v1.1m UTF-8 support for inputenc
) [98]
Overfull \hbox (84.78088pt too wide) in paragraph at lines 6533--6533
 []\T1/fi4/m/n/10 xmlNode(name, ..., attrs=NULL, namespace="", namespaceDefinit
ions = NULL, .children = list(...))[] 
 []

[99]
Overfull \hbox (46.18103pt too wide) in paragraph at lines 6611--6618
[][][]\T1/fi4/m/n/10 addChildren[][][] [][]xmlTreeParse[][][] [][]asXMLNode[][]
[] [][]newXMLNode[][][] [][]newXMLPINode[][][] [][]newXMLCDataNode[][][] [][]ne
wXMLCommentNode[][][] 
 []

(/usr/local/texlive/2011/texmf-dist/tex/latex/base/utf8.def
File: utf8.def 2008/04/05 v1.1m UTF-8 support for inputenc
) [100]
(/usr/local/texlive/2011/texmf-dist/tex/latex/base/utf8.def
File: utf8.def 2008/04/05 v1.1m UTF-8 support for inputenc
) [101pdfTeX warning (ext4): destination with the same identifier (name{Rfn.XML
AbstractNode.Rdash.class}) has been already used, duplicate ignored

\AtBegShi@Output ...ipout \box \AtBeginShipoutBox 
                                                  \fi \fi 
l.6753 \item[\code{attrs}]
                           attributes for the top-level node, in the form of...
] [102]
Overfull \hbox (29.89848pt too wide) in paragraph at lines 6828--6832
[][][]\T1/fi4/m/n/10 xmlTree[][][] \T1/ptm/m/n/10 for a na-tive/internal (C-lev
el) rep-re-sen-ta-tion of the tree, [][]\T1/fi4/m/n/10 xmlNode[][][]\T1/ptm/m/n
/10 , [][]\T1/fi4/m/n/10 xmlTextNode[][][]\T1/ptm/m/n/10 , [][]\T1/fi4/m/n/10 a
ppend.xmlNode[][][] 
 []

[103] (/usr/local/texlive/2011/texmf-dist/tex/latex/base/utf8.def
File: utf8.def 2008/04/05 v1.1m UTF-8 support for inputenc
) [104]
(/usr/local/texlive/2011/texmf-dist/tex/latex/base/utf8.def
File: utf8.def 2008/04/05 v1.1m UTF-8 support for inputenc
)
Overfull \hbox (104.78088pt too wide) in paragraph at lines 7046--7046
 []\T1/fi4/m/n/10 xmlParseDoc(file, options = 1L, encoding = character(), asTex
t = !file.exists(file), baseURL = file)[] 
 []

[105] (/usr/local/texlive/2011/texmf-dist/tex/latex/base/utf8.def
File: utf8.def 2008/04/05 v1.1m UTF-8 support for inputenc
) [106]
(/usr/local/texlive/2011/texmf-dist/tex/latex/base/utf8.def
File: utf8.def 2008/04/05 v1.1m UTF-8 support for inputenc
) [107]
(/usr/local/texlive/2011/texmf-dist/tex/latex/base/utf8.def
File: utf8.def 2008/04/05 v1.1m UTF-8 support for inputenc
) [108]
Overfull \hbox (59.72841pt too wide) in paragraph at lines 7268--7271
[]\T1/ptm/m/n/10 an ob-ject of class \T1/fi4/m/n/10 xmlSchemaRef \T1/ptm/m/n/10
 which is usu-ally the re-sult of a call to [][]\T1/fi4/m/n/10 xmlInternalTreeP
arse[][][]
 []

[109]
Overfull \hbox (14.28088pt too wide) in paragraph at lines 7313--7313
 []  \T1/fi4/m/n/9 xsd = xmlParse(system.file("exampleData", "author.xsd", pack
age = "XML"), isSchema =TRUE)[] 
 []


Overfull \hbox (0.78088pt too wide) in paragraph at lines 7314--7314
 []  \T1/fi4/m/n/9 doc = xmlInternalTreeParse(system.file("exampleData", "autho
r.xml",  package = "XML"))[] 
 []

(/usr/local/texlive/2011/texmf-dist/tex/latex/base/utf8.def
File: utf8.def 2008/04/05 v1.1m UTF-8 support for inputenc
)
(/usr/local/texlive/2011/texmf-dist/tex/latex/base/utf8.def
File: utf8.def 2008/04/05 v1.1m UTF-8 support for inputenc
) [110]
Overfull \hbox (11.87766pt too wide) in paragraph at lines 7385--7392
[]\T1/ptm/m/n/10 These func-tions are used in calls to [][]\T1/fi4/m/n/10 saveR
DS[][][] \T1/ptm/m/n/10 and [][]\T1/fi4/m/n/10 readRDS[][][] \T1/ptm/m/n/10 via
 the \T1/fi4/m/n/10 refhook \T1/ptm/m/n/10 ar-gu-ment.  \T1/fi4/m/n/10 saveRDS(
obj,
 []


Overfull \hbox (29.78088pt too wide) in paragraph at lines 7385--7392
\T1/fi4/m/n/10 filename, refhook = xmlSerializeHook) readRDS(filename, refhook 
= xmlDeserializeHook) 
 []

(/usr/local/texlive/2011/texmf-dist/tex/latex/base/utf8.def
File: utf8.def 2008/04/05 v1.1m UTF-8 support for inputenc
) [111]
(/usr/local/texlive/2011/texmf-dist/tex/latex/base/utf8.def
File: utf8.def 2008/04/05 v1.1m UTF-8 support for inputenc
) [112] [113]
Overfull \hbox (21.64818pt too wide) in paragraph at lines 7604--7611
[]\T1/ptm/m/n/10 a char-ac-ter vec-tor. XML nodes con-tain-ing R code (e.g. \T1
/fi4/m/n/10 r:code\T1/ptm/m/n/10 , \T1/fi4/m/n/10 r:init\T1/ptm/m/n/10 , \T1/fi
4/m/n/10 r:function\T1/ptm/m/n/10 ,
 []

[114] [115] (/usr/local/texlive/2011/texmf-dist/tex/latex/base/utf8.def
File: utf8.def 2008/04/05 v1.1m UTF-8 support for inputenc
)
[116]
Overfull \hbox (36.78088pt too wide) in paragraph at lines 7806--7806
 []  \T1/fi4/m/n/9 xmlEventParse(fileName, handlers = list(startElement = start
Element, endElement = endElement))[] 
 []

(/usr/local/texlive/2011/texmf-dist/tex/latex/base/utf8.def
File: utf8.def 2008/04/05 v1.1m UTF-8 support for inputenc
)
Overfull \hbox (15.49895pt too wide) in paragraph at lines 7821--7828
\T1/ptm/m/n/10 used if \T1/fi4/m/n/10 NULL \T1/ptm/m/n/10 is spec-i-fied for th
e \T1/fi4/m/n/10 error \T1/ptm/m/n/10 ar-gu-ment of [][]\T1/fi4/m/n/10 xmlTreeP
arse[][][]\T1/ptm/m/n/10 , [][]\T1/fi4/m/n/10 xmlTreeParse[][][] \T1/ptm/m/n/10
 and [][]\T1/fi4/m/n/10 htmlTreeParse[][][]\T1/ptm/m/n/10 . 
 []

[117] (/usr/local/texlive/2011/texmf-dist/tex/latex/base/utf8.def
File: utf8.def 2008/04/05 v1.1m UTF-8 support for inputenc
) [118]
[119] (/usr/local/texlive/2011/texmf-dist/tex/latex/base/utf8.def
File: utf8.def 2008/04/05 v1.1m UTF-8 support for inputenc
) [120]
(/usr/local/texlive/2011/texmf-dist/tex/latex/base/utf8.def
File: utf8.def 2008/04/05 v1.1m UTF-8 support for inputenc
)
(/usr/local/texlive/2011/texmf-dist/tex/latex/base/utf8.def
File: utf8.def 2008/04/05 v1.1m UTF-8 support for inputenc
) [121]
Overfull \hbox (25.42009pt too wide) in paragraph at lines 8187--8192
\T1/ptm/m/n/10 the cor-re-spond-ing URI, \ e.g \T1/fi4/m/n/10 c(shelp = "http:/
/www.omegahat.org/XML/SHelp")
 []

[122] [123]
Overfull \hbox (122.28088pt too wide) in paragraph at lines 8296--8296
 []\T1/fi4/m/n/9 z$addNode("r:data",  namespace = c(r = "http://www.r-project.o
rg", omg = "http://www.omegahat.org"), close = FALSE)[] 
 []


Overfull \hbox (45.78088pt too wide) in paragraph at lines 8322--8322
 []\T1/fi4/m/n/9 zc = xmlTree("people", dtd = c("people", "//a//b//c//d", "http
://www.omegahat.org/XML/types.dtd"))[] 
 []

(/usr/local/texlive/2011/texmf-dist/tex/latex/base/utf8.def
File: utf8.def 2008/04/05 v1.1m UTF-8 support for inputenc
) [124]
Overfull \hbox (19.78088pt too wide) in paragraph at lines 8375--8375
 []\T1/fi4/m/n/10 xmlInternalTreeParse(file, ignoreBlanks=TRUE, handlers=NULL, 
replaceEntities=FALSE,[] 
 []


Overfull \hbox (9.78088pt too wide) in paragraph at lines 8383--8383
 []\T1/fi4/m/n/10 xmlNativeTreeParse(file, ignoreBlanks=TRUE, handlers=NULL, re
placeEntities=FALSE,[] 
 []


Overfull \hbox (14.78088pt too wide) in paragraph at lines 8399--8399
 []\T1/fi4/m/n/10 xmlSchemaParse(file, asText = FALSE, xinclude = TRUE, error =
 xmlErrorCumulator())[] 
 []

[125] [126]
Overfull \hbox (5.97972pt too wide) in paragraph at lines 8529--8539
\T1/fi4/m/n/10 xmlns:xi="http://www.w3.org/2001/XInclude"> \T1/ptm/m/n/10 to in
-sert con-tent from other
 []


Overfull \hbox (15.52872pt too wide) in paragraph at lines 8565--8568
[]\T1/ptm/m/n/10 If this is \T1/fi4/m/n/10 NULL\T1/ptm/m/n/10 , the de-fault er
-ror han-dler func-tion in the pack-age [][]\T1/fi4/m/n/10 xmlStructuredStop[][
][]
 []

[127]
Overfull \hbox (49.96924pt too wide) in paragraph at lines 8655--8658
[]\T1/ptm/m/n/10 Some nodes spe-cial-iza-tions of \T1/fi4/m/n/10 XMLNode\T1/ptm
/m/n/10 , such as \T1/fi4/m/n/10 XMLComment\T1/ptm/m/n/10 , \T1/fi4/m/n/10 XMLP
rocessingInstruction\T1/ptm/m/n/10 ,
 []

[128]
Overfull \hbox (43.6898pt too wide) in paragraph at lines 8685--8699
\T1/ptm/m/n/10 con-tains only white space.  \T1/fi4/m/n/10 xmlChildren(node)[ !
 xmlSApply(node, function(x)
 []

[129]
Underfull \vbox (badness 10000) has occurred while \output is active []

 [130]
Underfull \vbox (badness 10000) has occurred while \output is active []

 [131]
Overfull \hbox (99.78088pt too wide) in paragraph at lines 8871--8871
 [] \T1/fi4/m/n/9 htmlTreeParse(system.file("examples", "index.html", package =
 "XML"), handlers = h2, useInternalNodes = TRUE)[] 
 []


Underfull \vbox (badness 10000) has occurred while \output is active []

 [132]
Overfull \hbox (63.78088pt too wide) in paragraph at lines 8915--8915
 []                                                      \T1/fi4/m/n/9 cat("Err
ors in XML document\n", e$message, "\n")[] 
 []

(/usr/local/texlive/2011/texmf-dist/tex/latex/base/utf8.def
File: utf8.def 2008/04/05 v1.1m UTF-8 support for inputenc
) [133]
(/usr/local/texlive/2011/texmf-dist/tex/latex/base/utf8.def
File: utf8.def 2008/04/05 v1.1m UTF-8 support for inputenc
) [134]
(/usr/local/texlive/2011/texmf-dist/tex/latex/base/utf8.def
File: utf8.def 2008/04/05 v1.1m UTF-8 support for inputenc
) [135] (./Rd2.ind
[136]
LaTeX Font Info:    Font shape `T1/ptm/bx/n' in size <12> not available
(Font)              Font shape `T1/ptm/b/n' tried instead on input line 3.
 [137

]

LaTeX Font Warning: Font shape `T1/fi4/m/it' undefined
(Font)              using `T1/fi4/m/n' instead on input line 129.


Overfull \hbox (25.8567pt too wide) in paragraph at lines 167--169
[]\T1/fi4/m/it/10 addAttributes,XMLInternalElementNode-method 
 []


Overfull \hbox (10.8567pt too wide) in paragraph at lines 210--212
[]\T1/fi4/m/it/10 coerce,character,FormattedInteger-method 
 []


Overfull \hbox (5.8567pt too wide) in paragraph at lines 212--214
[]\T1/fi4/m/it/10 coerce,character,FormattedNumber-method 
 []


Overfull \hbox (45.8567pt too wide) in paragraph at lines 220--222
[]\T1/fi4/m/it/10 coerce,character,XMLNamespaceDefinitions-method 
 []


Overfull \hbox (20.8567pt too wide) in paragraph at lines 226--228
[]\T1/fi4/m/it/10 coerce,NULL,XMLNamespaceDefinitions-method 
 []

[138]
Overfull \hbox (55.8567pt too wide) in paragraph at lines 232--234
[]\T1/fi4/m/it/10 coerce,XMLAbstractDocument,XMLAbstractNode-method 
 []


Overfull \hbox (5.8567pt too wide) in paragraph at lines 234--236
[]\T1/fi4/m/it/10 coerce,XMLAbstractNode,character-method 
 []


Overfull \hbox (15.8567pt too wide) in paragraph at lines 250--252
[]\T1/fi4/m/it/10 coerce,XMLHashTreeNode,XMLHashTree-method 
 []


Overfull \hbox (25.8567pt too wide) in paragraph at lines 252--254
[]\T1/fi4/m/it/10 coerce,XMLInternalDocument,character-method 
 []


Overfull \hbox (35.8567pt too wide) in paragraph at lines 254--256
[]\T1/fi4/m/it/10 coerce,XMLInternalDocument,XMLHashTree-method 
 []


Overfull \hbox (55.8567pt too wide) in paragraph at lines 256--258
[]\T1/fi4/m/it/10 coerce,XMLInternalDocument,XMLInternalNode-method 
 []


Overfull \hbox (0.8567pt too wide) in paragraph at lines 258--260
[]\T1/fi4/m/it/10 coerce,XMLInternalDOM,character-method 
 []


Overfull \hbox (5.8567pt too wide) in paragraph at lines 260--262
[]\T1/fi4/m/it/10 coerce,XMLInternalNode,character-method 
 []


Overfull \hbox (15.8567pt too wide) in paragraph at lines 262--264
[]\T1/fi4/m/it/10 coerce,XMLInternalNode,XMLHashTree-method 
 []


Overfull \hbox (55.8567pt too wide) in paragraph at lines 264--266
[]\T1/fi4/m/it/10 coerce,XMLInternalNode,XMLInternalDocument-method 
 []


Overfull \hbox (25.8567pt too wide) in paragraph at lines 268--270
[]\T1/fi4/m/it/10 coerce,XMLInternalTextNode,character-method 
 []


Overfull \hbox (40.8567pt too wide) in paragraph at lines 272--274
[]\T1/fi4/m/it/10 coerce,XMLNamespaceDefinition,character-method 
 []


Overfull \hbox (45.8567pt too wide) in paragraph at lines 274--276
[]\T1/fi4/m/it/10 coerce,XMLNamespaceDefinitions,character-method 
 []


Overfull \hbox (5.8567pt too wide) in paragraph at lines 276--278
[]\T1/fi4/m/it/10 coerce,XMLNamespaceRef,character-method 
 []


Overfull \hbox (95.8567pt too wide) in paragraph at lines 351--353
[]\T1/fi4/m/it/10 entityDeclaration.SAX,ANY,ANY,ANY,ANY,ANY,SAXState-method 
 []

[139]
Overfull \hbox (0.8567pt too wide) in paragraph at lines 375--377
[]\T1/fi4/m/it/10 getEncoding,XMLInternalDocument-method 
 []

[140]
Overfull \hbox (55.8567pt too wide) in paragraph at lines 557--559
[]\T1/fi4/m/it/10 processingInstruction.SAX,ANY,ANY,SAXState-method 
 []


Overfull \hbox (15.8567pt too wide) in paragraph at lines 567--569
[]\T1/fi4/m/it/10 readHTMLTable,HTMLInternalDocument-method 
 []


Overfull \hbox (25.8567pt too wide) in paragraph at lines 569--571
[]\T1/fi4/m/it/10 readHTMLTable,XMLInternalElementNode-method 
 []


Overfull \hbox (40.8567pt too wide) in paragraph at lines 577--579
[]\T1/fi4/m/it/10 removeAttributes,XMLInternalElementNode-method 
 []


Overfull \hbox (40.8567pt too wide) in paragraph at lines 587--589
[]\T1/fi4/m/it/10 removeXMLNamespaces,XMLInternalDocument-method 
 []


Overfull \hbox (55.8567pt too wide) in paragraph at lines 589--591
[]\T1/fi4/m/it/10 removeXMLNamespaces,XMLInternalElementNode-method 
 []


Overfull \hbox (20.8567pt too wide) in paragraph at lines 591--593
[]\T1/fi4/m/it/10 removeXMLNamespaces,XMLInternalNode-method 
 []


Overfull \hbox (0.8567pt too wide) in paragraph at lines 650--652
[]\T1/fi4/m/it/10 show,XMLSchemaValidationResults-method 
 []


Overfull \hbox (10.8567pt too wide) in paragraph at lines 659--661
[]\T1/fi4/m/it/10 startElement.SAX,ANY,ANY,SAXState-method 
 []

[141]
Overfull \hbox (10.8567pt too wide) in paragraph at lines 717--719
[]\T1/fi4/m/it/10 xmlAttrs<-,XMLInternalElementNode-method 
 []


Overfull \hbox (0.8567pt too wide) in paragraph at lines 859--861
[]\T1/fi4/m/it/10 xmlNamespaces<-,XMLInternalNode-method 
 []

[142]
Overfull \hbox (35.8567pt too wide) in paragraph at lines 953--955
[]\T1/fi4/m/it/10 xmlSourceFunctions,XMLInternalDocument-method 
 []


Overfull \hbox (25.8567pt too wide) in paragraph at lines 959--961
[]\T1/fi4/m/it/10 xmlSourceSection,XMLInternalDocument-method 
 []


Overfull \hbox (20.8567pt too wide) in paragraph at lines 967--969
[]\T1/fi4/m/it/10 xmlSourceThread,XMLInternalDocument-method 
 []


Overfull \hbox (20.8567pt too wide) in paragraph at lines 981--983
[]\T1/fi4/m/it/10 xmlToDataFrame,ANY,ANY,ANY,ANY,list-method 
 []


Overfull \hbox (95.8567pt too wide) in paragraph at lines 983--985
[]\T1/fi4/m/it/10 xmlToDataFrame,ANY,ANY,ANY,ANY,XMLInternalNodeList-method 
 []


Overfull \hbox (50.8567pt too wide) in paragraph at lines 985--987
[]\T1/fi4/m/it/10 xmlToDataFrame,ANY,ANY,ANY,ANY,XMLNodeSet-method 
 []


Overfull \hbox (45.8567pt too wide) in paragraph at lines 987--989
[]\T1/fi4/m/it/10 xmlToDataFrame,character,ANY,ANY,ANY,ANY-method 
 []


Overfull \hbox (20.8567pt too wide) in paragraph at lines 989--991
[]\T1/fi4/m/it/10 xmlToDataFrame,list,ANY,ANY,ANY,ANY-method 
 []


Overfull \hbox (115.8567pt too wide) in paragraph at lines 991--993
[]\T1/fi4/m/it/10 xmlToDataFrame,XMLInternalDocument,ANY,ANY,ANY,missing-method
 
 []


Overfull \hbox (95.8567pt too wide) in paragraph at lines 993--995
[]\T1/fi4/m/it/10 xmlToDataFrame,XMLInternalNodeList,ANY,ANY,ANY,ANY-method 
 []


Overfull \hbox (50.8567pt too wide) in paragraph at lines 995--997
[]\T1/fi4/m/it/10 xmlToDataFrame,XMLNodeSet,ANY,ANY,ANY,ANY-method 
 []

[143] [144

])
Package atveryend Info: Empty hook `BeforeClearDocument' on input line 9196.
Package atveryend Info: Empty hook `AfterLastShipout' on input line 9196.
 (./Rd2.aux)
Package atveryend Info: Executing hook `AtVeryEndDocument' on input line 9196.
Package atveryend Info: Executing hook `AtEndAfterFileList' on input line 9196.

Package rerunfilecheck Info: File `Rd2.out' has not changed.
(rerunfilecheck)             Checksum: 93032B19C3EC036061FB8C4D36F5A41E;5174.


LaTeX Font Warning: Some font shapes were not available, defaults substituted.

Package atveryend Info: Empty hook `AtVeryVeryEnd' on input line 9196.
 ) 
Here is how much of TeX's memory you used:
 7744 strings out of 493633
 122604 string characters out of 3143378
 179438 words of memory out of 3000000
 9431 multiletter control sequences out of 15000+200000
 43888 words of font info for 52 fonts, out of 3000000 for 9000
 831 hyphenation exceptions out of 8191
 38i,6n,34p,305b,588s stack positions out of 5000i,500n,10000p,200000b,50000s
pdfTeX warning (dest): name{Rfn.scan} has been referenced but does not exist,
 replaced by a fixed one

pdfTeX warning (dest): name{Rfn.grep} has been referenced but does not exist, r
eplaced by a fixed one

pdfTeX warning (dest): name{Rfn.read.table} has been referenced but does not ex
ist, replaced by a fixed one

pdfTeX warning (dest): name{Rfn.stop} has been referenced but does not exist, r
eplaced by a fixed one

pdfTeX warning (dest): name{Rfn.simpleError} has been referenced but does not e
xist, replaced by a fixed one

pdfTeX warning (dest): name{Rfn.length} has been referenced but does not exist,
 replaced by a fixed one

pdfTeX warning (dest): name{Rfn.readRDS} has been referenced but does not exist
, replaced by a fixed one

pdfTeX warning (dest): name{Rfn.saveRDS} has been referenced but does not exist
, replaced by a fixed one

pdfTeX warning (dest): name{Rfn.oldClass.Rdash.class} has been referenced but d
oes not exist, replaced by a fixed one

pdfTeX warning (dest): name{Rfn.list} has been referenced but does not exist, r
eplaced by a fixed one

pdfTeX warning (dest): name{Rfn.names} has been referenced but does not exist, 
replaced by a fixed one

pdfTeX warning (dest): name{Rfn.readLines} has been referenced but does not exi
st, replaced by a fixed one

pdfTeX warning (dest): name{Rfn.vector.Rdash.class} has been referenced but doe
s not exist, replaced by a fixed one

pdfTeX warning (dest): name{Rfn.character.Rdash.class} has been referenced but 
does not exist, replaced by a fixed one

pdfTeX warning (dest): name{Rfn.source} has been referenced but does not exist,
 replaced by a fixed one

pdfTeX warning (dest): name{Rfn.apply} has been referenced but does not exist, 
replaced by a fixed one

pdfTeX warning (dest): name{Rfn.as.data.frame} has been referenced but does not
 exist, replaced by a fixed one

pdfTeX warning (dest): name{Rfn.print} has been referenced but does not exist, 
replaced by a fixed one

pdfTeX warning (dest): name{Rfn.getNativeSymbolInfo} has been referenced but do
es not exist, replaced by a fixed one

pdfTeX warning (dest): name{Rfn.sapply} has been referenced but does not exist,
 replaced by a fixed one

pdfTeX warning (dest): name{Rfn.Encoding} has been referenced but does not exis
t, replaced by a fixed one

pdfTeX warning (dest): name{Rfn.coerce} has been referenced but does not exist,
 replaced by a fixed one

pdfTeX warning (dest): name{Rfn.lapply} has been referenced but does not exist,
 replaced by a fixed one

{/usr/local/texlive/2011/texmf-dist/fonts/enc/dvips/base/8r.enc}{/usr/local/tex
live/2011/texmf-dist/fonts/enc/dvips/inconsolata/fi4-ec.enc}</usr/local/texlive
/2011/texmf-dist/fonts/type1/public/inconsolata/Inconsolata.pfb></usr/local/tex
live/2011/texmf-dist/fonts/type1/public/amsfonts/cm/cmsy10.pfb></usr/local/texl
ive/2011/texmf-dist/fonts/type1/urw/helvetic/uhvr8a.pfb></usr/local/texlive/201
1/texmf-dist/fonts/type1/urw/times/utmb8a.pfb></usr/local/texlive/2011/texmf-di
st/fonts/type1/urw/times/utmr8a.pfb></usr/local/texlive/2011/texmf-dist/fonts/t
ype1/urw/times/utmr8a.pfb></usr/local/texlive/2011/texmf-dist/fonts/type1/urw/t
imes/utmri8a.pfb>
Output written on Rd2.pdf (144 pages, 435186 bytes).
PDF statistics:
 3753 PDF objects out of 4296 (max. 8388607)
 3564 compressed objects within 36 object streams
 1342 named destinations out of 1440 (max. 500000)
 713 words of extra memory for PDF output out of 10000 (max. 10000000)

